<?xml version="1.0" encoding="UTF-8"?>
<testsuite name="Scenario: validating cognizant home page" tests="7" skipped="0" failures="0" errors="0" timestamp="2019-02-14T13:28:35" hostname="LT103788" time="21.138">
  <properties/>
  <testcase name="Given driver path" classname="Scenario: validating cognizant home page" time="0.001"/>
  <testcase name="Given a User" classname="Scenario: validating cognizant home page" time="0.0"/>
  <testcase name="When hit the cognizant bank url" classname="Scenario: validating cognizant home page" time="0.0"/>
  <testcase name="Then cognizant bank home page should get open" classname="Scenario: validating cognizant home page" time="0.0"/>
  <testcase name="And clicks on new account" classname="Scenario: validating cognizant home page" time="0.0"/>
  <testcase name="Then new account page should be displayed" classname="Scenario: validating cognizant home page" time="0.0"/>
  <testcase name="classMethod" classname="Scenario: validating cognizant home page" time="21.425"/>
  <system-out><![CDATA[]]></system-out>
  <system-err><![CDATA[]]></system-err>
</testsuite>
