<?xml version="1.0" encoding="UTF-8"?>
<!-- Generated by org.testng.reporters.JUnitReportReporter -->
<testsuite hostname="PC400269" name="steps.NewTest" tests="1" failures="0" timestamp="6 Dec 2018 12:38:20 GMT" time="0.010" errors="0">
  <testcase name="testAdd" time="0.010" classname="steps.NewTest"/>
</testsuite> <!-- steps.NewTest -->
