<?xml version="1.0" encoding="UTF-8"?>
<!-- Generated by org.testng.reporters.JUnitReportReporter -->
<testsuite hostname="PC400269" name="steps.searchItem" tests="1" failures="0" timestamp="7 Dec 2018 07:17:53 GMT" time="85.694" errors="0">
  <testcase name="excelSet" time="85.694" classname="steps.searchItem"/>
</testsuite> <!-- steps.searchItem -->
